2026-06-23 19:52:42,554 INFO talento_tech - Iniciando prueba: test_cart
2026-06-23 19:52:42,554 INFO talento_tech - Agregando el primer producto al carrito
2026-06-23 19:52:42,629 INFO talento_tech - Verificando contador de productos en el carrito
2026-06-23 19:52:42,653 INFO talento_tech - Contador del carrito actualizado correctamente
2026-06-23 19:52:42,653 INFO talento_tech - Obteniendo nombre del producto agregado
2026-06-23 19:52:42,676 INFO talento_tech - Producto seleccionado: Sauce Labs Backpack
2026-06-23 19:52:42,676 INFO talento_tech - Accediendo al carrito de compras
2026-06-23 19:52:42,731 INFO talento_tech - Obteniendo producto almacenado en el carrito
2026-06-23 19:52:42,748 INFO talento_tech - Producto encontrado en carrito: Sauce Labs Backpack
2026-06-23 19:52:42,748 INFO talento_tech - Validando coincidencia del producto
2026-06-23 19:52:46,536 INFO talento_tech - Iniciando prueba: test_cart_json
2026-06-23 19:52:46,536 INFO talento_tech - Creando instancia de InventoryPage
2026-06-23 19:52:46,536 INFO talento_tech - Creando instancia de CartPage
2026-06-23 19:52:46,536 INFO talento_tech - Leyendo productos desde el archivo JSON
2026-06-23 19:52:46,536 INFO talento_tech - Agregando producto al carrito: Sauce Labs Backpack ($29.99)
2026-06-23 19:52:46,618 INFO talento_tech - Agregando producto al carrito: Sauce Labs Bike Light ($9.99)
2026-06-23 19:52:46,679 INFO talento_tech - Accediendo al carrito de compras
2026-06-23 19:52:46,729 INFO talento_tech - Obteniendo productos del carrito
2026-06-23 19:52:46,785 INFO talento_tech - Validando productos agregados al carrito
2026-06-23 19:52:46,785 INFO talento_tech - Producto validado correctamente: Sauce Labs Backpack
2026-06-23 19:52:46,785 INFO talento_tech - Producto validado correctamente: Sauce Labs Bike Light
2026-06-23 19:52:46,786 INFO talento_tech - Validacion completada. Se verificaron 2 productos.
2026-06-23 19:52:46,786 INFO talento_tech - Finaliza prueba: test_cart_json
2026-06-23 19:52:52,620 INFO talento_tech - Iniciando prueba: test_inventory_title
2026-06-23 19:52:52,620 INFO talento_tech - Creando instancia de InventoryPage
2026-06-23 19:52:52,620 INFO talento_tech - Obteniendo titulo de la pagina
2026-06-23 19:52:52,623 INFO talento_tech - Validando titulo de la pagina
2026-06-23 19:52:52,623 INFO talento_tech - Titulo validado correctamente
2026-06-23 19:52:52,623 INFO talento_tech - Finaliza prueba: test_inventory_title
2026-06-23 19:52:56,255 INFO talento_tech - Iniciando prueba: test_productos_visibles
2026-06-23 19:52:56,255 INFO talento_tech - Creando instancia de InventoryPage
2026-06-23 19:52:56,255 INFO talento_tech - Obteniendo listado de productos
2026-06-23 19:52:56,264 INFO talento_tech - Validando que existan productos en la pagina
2026-06-23 19:52:56,264 INFO talento_tech - Se encontraron 6 productos visibles
2026-06-23 19:52:56,264 INFO talento_tech - Finaliza prueba: test_productos_visibles
2026-06-23 19:53:00,271 INFO talento_tech - Iniciando prueba: test_ui_elements
2026-06-23 19:53:00,271 INFO talento_tech - Creando instancia de InventoryPage
2026-06-23 19:53:00,271 INFO talento_tech - Verificando visibilidad del menu
2026-06-23 19:53:00,290 INFO talento_tech - Menu visible correctamente
2026-06-23 19:53:00,290 INFO talento_tech - Verificando visibilidad del filtro de productos
2026-06-23 19:53:00,304 INFO talento_tech - Filtro visible correctamente
2026-06-23 19:53:00,304 INFO talento_tech - Finaliza prueba: test_ui_elements
2026-06-23 19:53:03,577 INFO talento_tech - Inicializando el driver para test_login_ok
2026-06-23 19:53:03,577 INFO talento_tech - Creando instancia de LoginPage
2026-06-23 19:53:03,577 INFO talento_tech - Ingresando credenciales validas
2026-06-23 19:53:05,063 INFO talento_tech - Verificando redireccion a la pagina de inventario
2026-06-23 19:53:05,066 INFO talento_tech - Login exitoso. Se redirigio correctamente al inventario
2026-06-23 19:53:05,066 INFO talento_tech - Finaliza test_login_ok
2026-06-23 19:53:08,002 INFO talento_tech - Inicializando el driver para test_login_invalid_password
2026-06-23 19:53:08,002 INFO talento_tech - Creando instancia de LoginPage
2026-06-23 19:53:08,002 INFO talento_tech - Ingresando usuario valido con contraseńa invalida
2026-06-23 19:53:08,759 INFO talento_tech - Obteniendo mensaje de error
2026-06-23 19:53:08,780 INFO talento_tech - Verificando que el mensaje de error sea el esperado
2026-06-23 19:53:08,781 INFO talento_tech - Se mostro correctamente el mensaje de error por contraseńa invalida
2026-06-23 19:53:08,781 INFO talento_tech - Finaliza test_login_invalid_password
2026-06-23 19:53:11,718 INFO talento_tech - Iniciando test de login para el usuario: standard_user
2026-06-23 19:53:11,718 INFO talento_tech - Creando instancia de LoginPage
2026-06-23 19:53:11,719 INFO talento_tech - Ingresando credenciales para el usuario: standard_user
2026-06-23 19:53:13,834 INFO talento_tech - Intentando iniciar sesion
2026-06-23 19:53:13,834 INFO talento_tech - Usuario marcado como valido
2026-06-23 19:53:13,835 INFO talento_tech - Verificando redireccion a la pagina de inventario
2026-06-23 19:53:13,861 INFO talento_tech - Login exitoso para el usuario: standard_user
2026-06-23 19:53:13,861 INFO talento_tech - Finaliza test_login para el usuario: standard_user
2026-06-23 19:53:16,856 INFO talento_tech - Iniciando test de login para el usuario: usuario_incorrecto
2026-06-23 19:53:16,856 INFO talento_tech - Creando instancia de LoginPage
2026-06-23 19:53:16,856 INFO talento_tech - Ingresando credenciales para el usuario: usuario_incorrecto
2026-06-23 19:53:18,446 INFO talento_tech - Intentando iniciar sesion
2026-06-23 19:53:18,446 INFO talento_tech - Usuario marcado como invalido
2026-06-23 19:53:18,446 INFO talento_tech - Obteniendo mensaje de error
2026-06-23 19:53:18,467 INFO talento_tech - Verificando mensaje de error esperado
2026-06-23 19:53:18,467 INFO talento_tech - Se mostro correctamente el mensaje de error por credenciales invalidas
2026-06-23 19:53:18,467 INFO talento_tech - Finaliza test_login para el usuario: usuario_incorrecto
2026-06-23 19:53:21,446 INFO talento_tech - Iniciando test de login para el usuario: standard_user
2026-06-23 19:53:21,446 INFO talento_tech - Creando instancia de LoginPage
2026-06-23 19:53:21,447 INFO talento_tech - Ingresando credenciales para el usuario: standard_user
2026-06-23 19:53:23,296 INFO talento_tech - Intentando iniciar sesion
2026-06-23 19:53:23,296 INFO talento_tech - Usuario marcado como invalido
2026-06-23 19:53:23,296 INFO talento_tech - Obteniendo mensaje de error
2026-06-23 19:53:23,320 INFO talento_tech - Verificando mensaje de error esperado
2026-06-23 19:53:23,320 INFO talento_tech - Se mostro correctamente el mensaje de error por credenciales invalidas
2026-06-23 19:53:23,321 INFO talento_tech - Finaliza test_login para el usuario: standard_user
